<?xml version="1.0" encoding="UTF-8"?>
<testng-results skipped="0" failed="2" total="8" passed="6">
  <reporter-output>
    <line>
      <![CDATA[<img src='D:\java\Web_Auto_Test\target\surefire-reports\screenshot\register\2019-03-13\1552458306209.png' height='100' width='100'><a href='D:\java\Web_Auto_Test\target\surefire-reports\screenshot\register\2019-03-13\1552458306209.png' target='_blank'>点击查看大图</a></img>]]>
    </line>
    <line>
      <![CDATA[<img src='D:\java\Web_Auto_Test\target\surefire-reports\screenshot\register\2019-03-13\1552458306773.png' height='100' width='100'><a href='D:\java\Web_Auto_Test\target\surefire-reports\screenshot\register\2019-03-13\1552458306773.png' target='_blank'>点击查看大图</a></img>]]>
    </line>
  </reporter-output>
  <suite name="All Test Suite" duration-ms="4871" started-at="2019-03-13T06:25:01Z" finished-at="2019-03-13T06:25:06Z">
    <groups>
    </groups>
    <test name="register" duration-ms="4871" started-at="2019-03-13T06:25:01Z" finished-at="2019-03-13T06:25:06Z">
      <class name="com.web.auto.cases.RegisterCase">
        <test-method status="PASS" signature="launchBrowser(java.lang.String)[pri:0, instance:com.web.auto.cases.RegisterCase@1dfe2924]" name="launchBrowser" is-config="true" duration-ms="2538" started-at="2019-03-13T14:24:59Z" finished-at="2019-03-13T14:25:01Z">
          <params>
            <param index="0">
              <value>
                <![CDATA[firefox]]>
              </value>
            </param>
          </params>
          <reporter-output>
          </reporter-output>
        </test-method> <!-- launchBrowser -->
        <test-method status="PASS" signature="reverseRegister(java.lang.String, java.lang.String, java.lang.String, java.lang.String)[pri:0, instance:com.web.auto.cases.RegisterCase@1dfe2924]" name="reverseRegister" duration-ms="1157" started-at="2019-03-13T14:25:02Z" data-provider="reverseDatas" finished-at="2019-03-13T14:25:03Z">
          <params>
            <param index="0">
              <value>
                <![CDATA[]]>
              </value>
            </param>
            <param index="1">
              <value>
                <![CDATA[883883]]>
              </value>
            </param>
            <param index="2">
              <value>
                <![CDATA[333334343]]>
              </value>
            </param>
            <param index="3">
              <value>
                <![CDATA[用户名不能为空]]>
              </value>
            </param>
          </params>
          <reporter-output>
          </reporter-output>
        </test-method> <!-- reverseRegister -->
        <test-method status="PASS" signature="reverseRegister(java.lang.String, java.lang.String, java.lang.String, java.lang.String)[pri:0, instance:com.web.auto.cases.RegisterCase@1dfe2924]" name="reverseRegister" duration-ms="444" started-at="2019-03-13T14:25:03Z" data-provider="reverseDatas" finished-at="2019-03-13T14:25:04Z">
          <params>
            <param index="0">
              <value>
                <![CDATA[aa]]>
              </value>
            </param>
            <param index="1">
              <value>
                <![CDATA[]]>
              </value>
            </param>
            <param index="2">
              <value>
                <![CDATA[]]>
              </value>
            </param>
            <param index="3">
              <value>
                <![CDATA[非法的手机号]]>
              </value>
            </param>
          </params>
          <reporter-output>
          </reporter-output>
        </test-method> <!-- reverseRegister -->
        <test-method status="PASS" signature="reverseRegister(java.lang.String, java.lang.String, java.lang.String, java.lang.String)[pri:0, instance:com.web.auto.cases.RegisterCase@1dfe2924]" name="reverseRegister" duration-ms="423" started-at="2019-03-13T14:25:04Z" data-provider="reverseDatas" finished-at="2019-03-13T14:25:04Z">
          <params>
            <param index="0">
              <value>
                <![CDATA[18813989551]]>
              </value>
            </param>
            <param index="1">
              <value>
                <![CDATA[]]>
              </value>
            </param>
            <param index="2">
              <value>
                <![CDATA[]]>
              </value>
            </param>
            <param index="3">
              <value>
                <![CDATA[密码不能为空]]>
              </value>
            </param>
          </params>
          <reporter-output>
          </reporter-output>
        </test-method> <!-- reverseRegister -->
        <test-method status="PASS" signature="reverseRegister(java.lang.String, java.lang.String, java.lang.String, java.lang.String)[pri:0, instance:com.web.auto.cases.RegisterCase@1dfe2924]" name="reverseRegister" duration-ms="430" started-at="2019-03-13T14:25:04Z" data-provider="reverseDatas" finished-at="2019-03-13T14:25:04Z">
          <params>
            <param index="0">
              <value>
                <![CDATA[18813989551]]>
              </value>
            </param>
            <param index="1">
              <value>
                <![CDATA[12345]]>
              </value>
            </param>
            <param index="2">
              <value>
                <![CDATA[]]>
              </value>
            </param>
            <param index="3">
              <value>
                <![CDATA[密码长度至少为6位]]>
              </value>
            </param>
          </params>
          <reporter-output>
          </reporter-output>
        </test-method> <!-- reverseRegister -->
        <test-method status="PASS" signature="reverseRegister(java.lang.String, java.lang.String, java.lang.String, java.lang.String)[pri:0, instance:com.web.auto.cases.RegisterCase@1dfe2924]" name="reverseRegister" duration-ms="436" started-at="2019-03-13T14:25:04Z" data-provider="reverseDatas" finished-at="2019-03-13T14:25:05Z">
          <params>
            <param index="0">
              <value>
                <![CDATA[18813989551]]>
              </value>
            </param>
            <param index="1">
              <value>
                <![CDATA[123456]]>
              </value>
            </param>
            <param index="2">
              <value>
                <![CDATA[]]>
              </value>
            </param>
            <param index="3">
              <value>
                <![CDATA[重复密码不能为空]]>
              </value>
            </param>
          </params>
          <reporter-output>
          </reporter-output>
        </test-method> <!-- reverseRegister -->
        <test-method status="PASS" signature="reverseRegister(java.lang.String, java.lang.String, java.lang.String, java.lang.String)[pri:0, instance:com.web.auto.cases.RegisterCase@1dfe2924]" name="reverseRegister" duration-ms="445" started-at="2019-03-13T14:25:05Z" data-provider="reverseDatas" finished-at="2019-03-13T14:25:05Z">
          <params>
            <param index="0">
              <value>
                <![CDATA[18813989551]]>
              </value>
            </param>
            <param index="1">
              <value>
                <![CDATA[123456]]>
              </value>
            </param>
            <param index="2">
              <value>
                <![CDATA[1234567]]>
              </value>
            </param>
            <param index="3">
              <value>
                <![CDATA[密码不一致]]>
              </value>
            </param>
          </params>
          <reporter-output>
          </reporter-output>
        </test-method> <!-- reverseRegister -->
        <test-method status="FAIL" signature="reverseRegister(java.lang.String, java.lang.String, java.lang.String, java.lang.String)[pri:0, instance:com.web.auto.cases.RegisterCase@1dfe2924]" name="reverseRegister" duration-ms="465" started-at="2019-03-13T14:25:05Z" data-provider="reverseDatas" finished-at="2019-03-13T14:25:06Z">
          <params>
            <param index="0">
              <value>
                <![CDATA[18813989551]]>
              </value>
            </param>
            <param index="1">
              <value>
                <![CDATA[123456]]>
              </value>
            </param>
            <param index="2">
              <value>
                <![CDATA[123456]]>
              </value>
            </param>
            <param index="3">
              <value>
                <![CDATA[验证码输入错误]]>
              </value>
            </param>
          </params>
          <exception class="java.lang.AssertionError">
            <message>
              <![CDATA[expected [验证码输入错误] but found [此手机号已被注册]]]>
            </message>
            <full-stacktrace>
              <![CDATA[java.lang.AssertionError: expected [验证码输入错误] but found [此手机号已被注册]
	at org.testng.Assert.fail(Assert.java:94)
	at org.testng.Assert.failNotEquals(Assert.java:494)
	at org.testng.Assert.assertEquals(Assert.java:123)
	at org.testng.Assert.assertEquals(Assert.java:176)
	at org.testng.Assert.assertEquals(Assert.java:186)
	at com.web.auto.util.AssertUtil.assertEquals(AssertUtil.java:22)
	at com.web.auto.cases.RegisterCase.reverseRegister(RegisterCase.java:25)
	at sun.reflect.NativeMethodAccessorImpl.invoke0(Native Method)
	at sun.reflect.NativeMethodAccessorImpl.invoke(NativeMethodAccessorImpl.java:62)
	at sun.reflect.DelegatingMethodAccessorImpl.invoke(DelegatingMethodAccessorImpl.java:43)
	at java.lang.reflect.Method.invoke(Method.java:498)
	at org.testng.internal.MethodInvocationHelper.invokeMethod(MethodInvocationHelper.java:84)
	at org.testng.internal.Invoker.invokeMethod(Invoker.java:714)
	at org.testng.internal.Invoker.invokeTestMethod(Invoker.java:901)
	at org.testng.internal.Invoker.invokeTestMethods(Invoker.java:1231)
	at org.testng.internal.TestMethodWorker.invokeTestMethods(TestMethodWorker.java:127)
	at org.testng.internal.TestMethodWorker.run(TestMethodWorker.java:111)
	at org.testng.TestRunner.privateRun(TestRunner.java:767)
	at org.testng.TestRunner.run(TestRunner.java:617)
	at org.testng.SuiteRunner.runTest(SuiteRunner.java:348)
	at org.testng.SuiteRunner.runSequentially(SuiteRunner.java:343)
	at org.testng.SuiteRunner.privateRun(SuiteRunner.java:305)
	at org.testng.SuiteRunner.run(SuiteRunner.java:254)
	at org.testng.SuiteRunnerWorker.runSuite(SuiteRunnerWorker.java:52)
	at org.testng.SuiteRunnerWorker.run(SuiteRunnerWorker.java:86)
	at org.testng.TestNG.runSuitesSequentially(TestNG.java:1224)
	at org.testng.TestNG.runSuitesLocally(TestNG.java:1149)
	at org.testng.TestNG.run(TestNG.java:1057)
	at org.apache.maven.surefire.testng.TestNGExecutor.run(TestNGExecutor.java:283)
	at org.apache.maven.surefire.testng.TestNGXmlTestSuite.execute(TestNGXmlTestSuite.java:75)
	at org.apache.maven.surefire.testng.TestNGProvider.invoke(TestNGProvider.java:120)
	at org.apache.maven.surefire.booter.ForkedBooter.invokeProviderInSameClassLoader(ForkedBooter.java:384)
	at org.apache.maven.surefire.booter.ForkedBooter.runSuitesInProcess(ForkedBooter.java:345)
	at org.apache.maven.surefire.booter.ForkedBooter.execute(ForkedBooter.java:126)
	at org.apache.maven.surefire.booter.ForkedBooter.main(ForkedBooter.java:418)
]]>
            </full-stacktrace>
          </exception> <!-- java.lang.AssertionError -->
          <reporter-output>
            <line>
              <![CDATA[<img src='D:\java\Web_Auto_Test\target\surefire-reports\screenshot\register\2019-03-13\1552458306209.png' height='100' width='100'><a href='D:\java\Web_Auto_Test\target\surefire-reports\screenshot\register\2019-03-13\1552458306209.png' target='_blank'>点击查看大图</a></img>]]>
            </line>
          </reporter-output>
        </test-method> <!-- reverseRegister -->
        <test-method status="FAIL" signature="positiveRegister(java.lang.String, java.lang.String, java.lang.String, java.lang.String)[pri:0, instance:com.web.auto.cases.RegisterCase@1dfe2924]" name="positiveRegister" duration-ms="456" started-at="2019-03-13T14:25:06Z" data-provider="positiveDatas" finished-at="2019-03-13T14:25:06Z">
          <params>
            <param index="0">
              <value>
                <![CDATA[18815589469]]>
              </value>
            </param>
            <param index="1">
              <value>
                <![CDATA[123456]]>
              </value>
            </param>
            <param index="2">
              <value>
                <![CDATA[123456]]>
              </value>
            </param>
            <param index="3">
              <value>
                <![CDATA[登录]]>
              </value>
            </param>
          </params>
          <exception class="java.lang.AssertionError">
            <message>
              <![CDATA[expected [true] but found [false]]]>
            </message>
            <full-stacktrace>
              <![CDATA[java.lang.AssertionError: expected [true] but found [false]
	at org.testng.Assert.fail(Assert.java:94)
	at org.testng.Assert.failNotEquals(Assert.java:494)
	at org.testng.Assert.assertTrue(Assert.java:42)
	at org.testng.Assert.assertTrue(Assert.java:52)
	at com.web.auto.util.AssertUtil.assertContains(AssertUtil.java:27)
	at com.web.auto.cases.RegisterCase.positiveRegister(RegisterCase.java:35)
	at sun.reflect.NativeMethodAccessorImpl.invoke0(Native Method)
	at sun.reflect.NativeMethodAccessorImpl.invoke(NativeMethodAccessorImpl.java:62)
	at sun.reflect.DelegatingMethodAccessorImpl.invoke(DelegatingMethodAccessorImpl.java:43)
	at java.lang.reflect.Method.invoke(Method.java:498)
	at org.testng.internal.MethodInvocationHelper.invokeMethod(MethodInvocationHelper.java:84)
	at org.testng.internal.Invoker.invokeMethod(Invoker.java:714)
	at org.testng.internal.Invoker.invokeTestMethod(Invoker.java:901)
	at org.testng.internal.Invoker.invokeTestMethods(Invoker.java:1231)
	at org.testng.internal.TestMethodWorker.invokeTestMethods(TestMethodWorker.java:127)
	at org.testng.internal.TestMethodWorker.run(TestMethodWorker.java:111)
	at org.testng.TestRunner.privateRun(TestRunner.java:767)
	at org.testng.TestRunner.run(TestRunner.java:617)
	at org.testng.SuiteRunner.runTest(SuiteRunner.java:348)
	at org.testng.SuiteRunner.runSequentially(SuiteRunner.java:343)
	at org.testng.SuiteRunner.privateRun(SuiteRunner.java:305)
	at org.testng.SuiteRunner.run(SuiteRunner.java:254)
	at org.testng.SuiteRunnerWorker.runSuite(SuiteRunnerWorker.java:52)
	at org.testng.SuiteRunnerWorker.run(SuiteRunnerWorker.java:86)
	at org.testng.TestNG.runSuitesSequentially(TestNG.java:1224)
	at org.testng.TestNG.runSuitesLocally(TestNG.java:1149)
	at org.testng.TestNG.run(TestNG.java:1057)
	at org.apache.maven.surefire.testng.TestNGExecutor.run(TestNGExecutor.java:283)
	at org.apache.maven.surefire.testng.TestNGXmlTestSuite.execute(TestNGXmlTestSuite.java:75)
	at org.apache.maven.surefire.testng.TestNGProvider.invoke(TestNGProvider.java:120)
	at org.apache.maven.surefire.booter.ForkedBooter.invokeProviderInSameClassLoader(ForkedBooter.java:384)
	at org.apache.maven.surefire.booter.ForkedBooter.runSuitesInProcess(ForkedBooter.java:345)
	at org.apache.maven.surefire.booter.ForkedBooter.execute(ForkedBooter.java:126)
	at org.apache.maven.surefire.booter.ForkedBooter.main(ForkedBooter.java:418)
]]>
            </full-stacktrace>
          </exception> <!-- java.lang.AssertionError -->
          <reporter-output>
            <line>
              <![CDATA[<img src='D:\java\Web_Auto_Test\target\surefire-reports\screenshot\register\2019-03-13\1552458306773.png' height='100' width='100'><a href='D:\java\Web_Auto_Test\target\surefire-reports\screenshot\register\2019-03-13\1552458306773.png' target='_blank'>点击查看大图</a></img>]]>
            </line>
          </reporter-output>
        </test-method> <!-- positiveRegister -->
        <test-method status="PASS" signature="tearDown()[pri:0, instance:com.web.auto.cases.RegisterCase@1dfe2924]" name="tearDown" is-config="true" duration-ms="905" started-at="2019-03-13T14:25:06Z" finished-at="2019-03-13T14:25:07Z">
          <reporter-output>
          </reporter-output>
        </test-method> <!-- tearDown -->
      </class> <!-- com.web.auto.cases.RegisterCase -->
    </test> <!-- register -->
  </suite> <!-- All Test Suite -->
</testng-results>
