<?xml version="1.0" encoding="utf-8" ?>
<!DOCTYPE html PUBLIC "-//W3C//DTD XHTML 1.0 Strict//EN"
        "http://www.w3.org/TR/xhtml1/DTD/xhtml1-strict.dtd">
<html xmlns="http://www.w3.org/1999/xhtml" xml:lang="" lang="">
<head>
  <title>自动化测试结果报告 - register</title>
  <meta http-equiv="Content-Type" content="text/html;charset=utf-8" />
  <meta name="description" content="TestNG unit test results." />
  <link href="reportng.css" rel="stylesheet" type="text/css" />
    <script type="text/javascript" src="reportng.js"></script>
</head>
<body>
<h1>register</h1>
<p>
  Test duration: 7.699s
</p>



  <table class="resultsTable">
    <tr>
		<th colspan="1" class="header failed">失败的测试用例</th>
		<th colspan="1" class="header failed">耗时</th>
		<th colspan="1" class="header failed">日志</th>
		<th colspan="1" class="header failed">截图</th>
	</tr>
          <tr>
        <td colspan="1" class="group">com.web.auto.cases.RegisterCase</td>
      </tr>
            
<tr>
  <td class="method">
                  reverseRegister
      </td>
  <td class="duration">
    0.465s
  </td>
  <td class="result">
        
          <i>Method arguments: </i><span class="arguments">"18813989551", "123456", "123456", "验证码输入错误"</span><br />
    
            <div class="testOutput">
              		  <br/>
                  </div>
    

        <a href="javascript:toggleElement('exception-0', 'block')" title="Click to expand/collapse"><b>java.lang.AssertionError: expected [验证码输入错误] but found [此手机号已被注册]</b></a><br />
    <div class="stackTrace" id="exception-0">
              org.testng.Assert.fail(Assert.java:94)<br />
              org.testng.Assert.failNotEquals(Assert.java:494)<br />
              org.testng.Assert.assertEquals(Assert.java:123)<br />
              org.testng.Assert.assertEquals(Assert.java:176)<br />
              org.testng.Assert.assertEquals(Assert.java:186)<br />
              com.web.auto.util.AssertUtil.assertEquals(AssertUtil.java:22)<br />
              com.web.auto.cases.RegisterCase.reverseRegister(RegisterCase.java:25)<br />
              sun.reflect.NativeMethodAccessorImpl.invoke0(Native Method)<br />
              sun.reflect.NativeMethodAccessorImpl.invoke(NativeMethodAccessorImpl.java:62)<br />
              sun.reflect.DelegatingMethodAccessorImpl.invoke(DelegatingMethodAccessorImpl.java:43)<br />
              java.lang.reflect.Method.invoke(Method.java:498)<br />
              org.testng.internal.MethodInvocationHelper.invokeMethod(MethodInvocationHelper.java:84)<br />
              org.testng.internal.Invoker.invokeMethod(Invoker.java:714)<br />
              org.testng.internal.Invoker.invokeTestMethod(Invoker.java:901)<br />
              org.testng.internal.Invoker.invokeTestMethods(Invoker.java:1231)<br />
              org.testng.internal.TestMethodWorker.invokeTestMethods(TestMethodWorker.java:127)<br />
              org.testng.internal.TestMethodWorker.run(TestMethodWorker.java:111)<br />
              org.testng.TestRunner.privateRun(TestRunner.java:767)<br />
              org.testng.TestRunner.run(TestRunner.java:617)<br />
              org.testng.SuiteRunner.runTest(SuiteRunner.java:348)<br />
              org.testng.SuiteRunner.runSequentially(SuiteRunner.java:343)<br />
              org.testng.SuiteRunner.privateRun(SuiteRunner.java:305)<br />
              org.testng.SuiteRunner.run(SuiteRunner.java:254)<br />
              org.testng.SuiteRunnerWorker.runSuite(SuiteRunnerWorker.java:52)<br />
              org.testng.SuiteRunnerWorker.run(SuiteRunnerWorker.java:86)<br />
              org.testng.TestNG.runSuitesSequentially(TestNG.java:1224)<br />
              org.testng.TestNG.runSuitesLocally(TestNG.java:1149)<br />
              org.testng.TestNG.run(TestNG.java:1057)<br />
              org.apache.maven.surefire.testng.TestNGExecutor.run(TestNGExecutor.java:283)<br />
              org.apache.maven.surefire.testng.TestNGXmlTestSuite.execute(TestNGXmlTestSuite.java:75)<br />
              org.apache.maven.surefire.testng.TestNGProvider.invoke(TestNGProvider.java:120)<br />
              org.apache.maven.surefire.booter.ForkedBooter.invokeProviderInSameClassLoader(ForkedBooter.java:384)<br />
              org.apache.maven.surefire.booter.ForkedBooter.runSuitesInProcess(ForkedBooter.java:345)<br />
              org.apache.maven.surefire.booter.ForkedBooter.execute(ForkedBooter.java:126)<br />
              org.apache.maven.surefire.booter.ForkedBooter.main(ForkedBooter.java:418)<br />
                </div>
      </td>
  
  <td class="screenshot">
                      <div class="screenshotimage">
                                                      <img src='D:\java\Web_Auto_Test\target\surefire-reports\screenshot\register\2019-03-13\1552458306209.png' height='100' width='100'><a href='D:\java\Web_Auto_Test\target\surefire-reports\screenshot\register\2019-03-13\1552458306209.png' target='_blank'>点击查看大图</a></img><br />
                                          </div>
        </td>
</tr>
<tr>
  <td class="method">
                  positiveRegister
      </td>
  <td class="duration">
    0.456s
  </td>
  <td class="result">
        
          <i>Method arguments: </i><span class="arguments">"18815589469", "123456", "123456", "登录"</span><br />
    
            <div class="testOutput">
              		  <br/>
                  </div>
    

        <a href="javascript:toggleElement('exception-1', 'block')" title="Click to expand/collapse"><b>java.lang.AssertionError: expected [true] but found [false]</b></a><br />
    <div class="stackTrace" id="exception-1">
              org.testng.Assert.fail(Assert.java:94)<br />
              org.testng.Assert.failNotEquals(Assert.java:494)<br />
              org.testng.Assert.assertTrue(Assert.java:42)<br />
              org.testng.Assert.assertTrue(Assert.java:52)<br />
              com.web.auto.util.AssertUtil.assertContains(AssertUtil.java:27)<br />
              com.web.auto.cases.RegisterCase.positiveRegister(RegisterCase.java:35)<br />
              sun.reflect.NativeMethodAccessorImpl.invoke0(Native Method)<br />
              sun.reflect.NativeMethodAccessorImpl.invoke(NativeMethodAccessorImpl.java:62)<br />
              sun.reflect.DelegatingMethodAccessorImpl.invoke(DelegatingMethodAccessorImpl.java:43)<br />
              java.lang.reflect.Method.invoke(Method.java:498)<br />
              org.testng.internal.MethodInvocationHelper.invokeMethod(MethodInvocationHelper.java:84)<br />
              org.testng.internal.Invoker.invokeMethod(Invoker.java:714)<br />
              org.testng.internal.Invoker.invokeTestMethod(Invoker.java:901)<br />
              org.testng.internal.Invoker.invokeTestMethods(Invoker.java:1231)<br />
              org.testng.internal.TestMethodWorker.invokeTestMethods(TestMethodWorker.java:127)<br />
              org.testng.internal.TestMethodWorker.run(TestMethodWorker.java:111)<br />
              org.testng.TestRunner.privateRun(TestRunner.java:767)<br />
              org.testng.TestRunner.run(TestRunner.java:617)<br />
              org.testng.SuiteRunner.runTest(SuiteRunner.java:348)<br />
              org.testng.SuiteRunner.runSequentially(SuiteRunner.java:343)<br />
              org.testng.SuiteRunner.privateRun(SuiteRunner.java:305)<br />
              org.testng.SuiteRunner.run(SuiteRunner.java:254)<br />
              org.testng.SuiteRunnerWorker.runSuite(SuiteRunnerWorker.java:52)<br />
              org.testng.SuiteRunnerWorker.run(SuiteRunnerWorker.java:86)<br />
              org.testng.TestNG.runSuitesSequentially(TestNG.java:1224)<br />
              org.testng.TestNG.runSuitesLocally(TestNG.java:1149)<br />
              org.testng.TestNG.run(TestNG.java:1057)<br />
              org.apache.maven.surefire.testng.TestNGExecutor.run(TestNGExecutor.java:283)<br />
              org.apache.maven.surefire.testng.TestNGXmlTestSuite.execute(TestNGXmlTestSuite.java:75)<br />
              org.apache.maven.surefire.testng.TestNGProvider.invoke(TestNGProvider.java:120)<br />
              org.apache.maven.surefire.booter.ForkedBooter.invokeProviderInSameClassLoader(ForkedBooter.java:384)<br />
              org.apache.maven.surefire.booter.ForkedBooter.runSuitesInProcess(ForkedBooter.java:345)<br />
              org.apache.maven.surefire.booter.ForkedBooter.execute(ForkedBooter.java:126)<br />
              org.apache.maven.surefire.booter.ForkedBooter.main(ForkedBooter.java:418)<br />
                </div>
      </td>
  
  <td class="screenshot">
                      <div class="screenshotimage">
                                                      <img src='D:\java\Web_Auto_Test\target\surefire-reports\screenshot\register\2019-03-13\1552458306773.png' height='100' width='100'><a href='D:\java\Web_Auto_Test\target\surefire-reports\screenshot\register\2019-03-13\1552458306773.png' target='_blank'>点击查看大图</a></img><br />
                                          </div>
        </td>
</tr>
      </table>


  <table class="resultsTable">
    <tr><th colspan="3" class="header passed">成功的测试用例</th></tr>
          <tr>
        <td colspan="3" class="group">com.web.auto.cases.RegisterCase</td>
      </tr>
            
<tr>
  <td class="method">
                  reverseRegister
      </td>
  <td class="duration">
    1.157s
  </td>
  <td class="result">
        
          <i>Method arguments: </i><span class="arguments">"", "883883", "333334343", "用户名不能为空"</span><br />
    
        

      </td>
  
  <td class="screenshot">
              </td>
</tr>
<tr>
  <td class="method">
                  reverseRegister
      </td>
  <td class="duration">
    0.444s
  </td>
  <td class="result">
        
          <i>Method arguments: </i><span class="arguments">"aa", "", "", "非法的手机号"</span><br />
    
        

      </td>
  
  <td class="screenshot">
              </td>
</tr>
<tr>
  <td class="method">
                  reverseRegister
      </td>
  <td class="duration">
    0.423s
  </td>
  <td class="result">
        
          <i>Method arguments: </i><span class="arguments">"18813989551", "", "", "密码不能为空"</span><br />
    
        

      </td>
  
  <td class="screenshot">
              </td>
</tr>
<tr>
  <td class="method">
                  reverseRegister
      </td>
  <td class="duration">
    0.430s
  </td>
  <td class="result">
        
          <i>Method arguments: </i><span class="arguments">"18813989551", "12345", "", "密码长度至少为6位"</span><br />
    
        

      </td>
  
  <td class="screenshot">
              </td>
</tr>
<tr>
  <td class="method">
                  reverseRegister
      </td>
  <td class="duration">
    0.436s
  </td>
  <td class="result">
        
          <i>Method arguments: </i><span class="arguments">"18813989551", "123456", "", "重复密码不能为空"</span><br />
    
        

      </td>
  
  <td class="screenshot">
              </td>
</tr>
<tr>
  <td class="method">
                  reverseRegister
      </td>
  <td class="duration">
    0.445s
  </td>
  <td class="result">
        
          <i>Method arguments: </i><span class="arguments">"18813989551", "123456", "1234567", "密码不一致"</span><br />
    
        

      </td>
  
  <td class="screenshot">
              </td>
</tr>
      </table>
  
</body>
</html>
